<?xml version="1.0" encoding="UTF-8"?>
<!-- Generated by org.testng.reporters.JUnitXMLReporter -->
<testsuite hostname="iblwdvamitku" ignored="2" name="Default test" tests="1" failures="0" timestamp="12 Nov 2018 08:11:32 GMT" time="45.87" errors="0">
  <testcase name="finalcheckout" time="33.804" classname="TestProject.OnlineProject.Cart"/>
  <testcase name="loginval" time="0.0" classname="TestProject.OnlineProject.Cart">
    <ignored/>
  </testcase> <!-- loginval -->
  <testcase name="selectItem" time="0.0" classname="TestProject.OnlineProject.Cart">
    <ignored/>
  </testcase> <!-- selectItem -->
</testsuite> <!-- Default test -->
